Hora : 05/03/2021 13:18:35 C O M I E N Z O ObtCAEIMPSAL
Hora : 05/03/2021 13:18:36 Data
Hora : 05/03/2021 13:18:37 
Hora : 05/03/2021 13:18:37 
Hora : 05/03/2021 13:18:37 
Hora : 05/03/2021 13:18:37 
Hora : 05/03/2021 13:18:38 
Hora : 05/03/2021 13:18:38 
Hora : 05/03/2021 13:18:38 
Hora : 05/03/2021 13:18:38 
Hora : 05/03/2021 13:18:38 
Hora : 05/03/2021 13:18:38 
Hora : 05/03/2021 13:18:38 
Hora : 05/03/2021 13:18:38 
Hora : 05/03/2021 13:18:38 
Hora : 05/03/2021 13:18:38 
Hora : 05/03/2021 13:18:38 
Hora : 05/03/2021 13:18:38 
Hora : 05/03/2021 13:18:39 
Hora : 05/03/2021 13:18:39 
Hora : 05/03/2021 13:18:39 
Hora : 05/03/2021 13:18:39 
Hora : 05/03/2021 13:18:39 
Hora : 05/03/2021 13:18:39 
Hora : 05/03/2021 13:18:39 
Hora : 05/03/2021 13:18:39 
Hora : 05/03/2021 13:18:39 Fin Data
Hora : 05/03/2021 13:19:20 C O M I E N Z O ObtCAEIMPSAL
Hora : 05/03/2021 13:19:21 Data
Hora : 05/03/2021 13:19:21 
Hora : 05/03/2021 13:19:21 
Hora : 05/03/2021 13:19:21 
Hora : 05/03/2021 13:19:21 
Hora : 05/03/2021 13:19:21 
Hora : 05/03/2021 13:19:21 
Hora : 05/03/2021 13:19:21 
Hora : 05/03/2021 13:19:21 
Hora : 05/03/2021 13:19:21 
Hora : 05/03/2021 13:19:22 
Hora : 05/03/2021 13:19:22 
Hora : 05/03/2021 13:19:22 
Hora : 05/03/2021 13:19:22 
Hora : 05/03/2021 13:19:22 
Hora : 05/03/2021 13:19:22 
Hora : 05/03/2021 13:19:22 
Hora : 05/03/2021 13:19:22 
Hora : 05/03/2021 13:19:22 
Hora : 05/03/2021 13:19:22 
Hora : 05/03/2021 13:19:22 
Hora : 05/03/2021 13:19:22 
Hora : 05/03/2021 13:19:22 
Hora : 05/03/2021 13:19:22 
Hora : 05/03/2021 13:19:23 
Hora : 05/03/2021 13:19:23 Fin Data
Hora : 05/03/2021 13:20:47 C O M I E N Z O ObtCAEIMPSAL
Hora : 05/03/2021 13:20:47 Data
Hora : 05/03/2021 13:20:47 
Hora : 05/03/2021 13:20:47 
Hora : 05/03/2021 13:20:47 
Hora : 05/03/2021 13:20:47 
Hora : 05/03/2021 13:20:47 
Hora : 05/03/2021 13:20:48 
Hora : 05/03/2021 13:20:48 
Hora : 05/03/2021 13:20:48 
Hora : 05/03/2021 13:20:48 
Hora : 05/03/2021 13:20:48 
Hora : 05/03/2021 13:20:48 
Hora : 05/03/2021 13:20:48 
Hora : 05/03/2021 13:20:48 
Hora : 05/03/2021 13:20:48 
Hora : 05/03/2021 13:20:48 
Hora : 05/03/2021 13:20:48 
Hora : 05/03/2021 13:20:48 
Hora : 05/03/2021 13:20:48 
Hora : 05/03/2021 13:20:48 
Hora : 05/03/2021 13:20:48 
Hora : 05/03/2021 13:20:48 
Hora : 05/03/2021 13:20:48 
Hora : 05/03/2021 13:20:48 
Hora : 05/03/2021 13:20:48 
Hora : 05/03/2021 13:20:48 Fin Data
Hora : 05/03/2021 13:21:23 C O M I E N Z O ObtCAEIMPSAL
Hora : 05/03/2021 13:21:27 Data
Hora : 05/03/2021 13:21:29 
Hora : 05/03/2021 13:21:34 
Hora : 05/03/2021 13:21:34 
Hora : 05/03/2021 13:21:34 
Hora : 05/03/2021 13:21:34 
Hora : 05/03/2021 13:21:34 
Hora : 05/03/2021 13:21:34 
Hora : 05/03/2021 13:21:34 
Hora : 05/03/2021 13:21:34 
Hora : 05/03/2021 13:21:34 
Hora : 05/03/2021 13:21:34 
Hora : 05/03/2021 13:21:34 
Hora : 05/03/2021 13:21:34 
Hora : 05/03/2021 13:21:34 
Hora : 05/03/2021 13:21:34 
Hora : 05/03/2021 13:21:35 
Hora : 05/03/2021 13:21:35 
Hora : 05/03/2021 13:21:35 
Hora : 05/03/2021 13:21:35 
Hora : 05/03/2021 13:21:35 
Hora : 05/03/2021 13:21:35 
Hora : 05/03/2021 13:21:35 
Hora : 05/03/2021 13:21:35 
Hora : 05/03/2021 13:21:35 
Hora : 05/03/2021 13:21:35 Fin Data
Hora : 05/03/2021 13:22:43 C O M I E N Z O ObtCAEIMPSAL
Hora : 05/03/2021 13:22:47 Data
Hora : 05/03/2021 13:22:49 
Hora : 05/03/2021 13:22:51 
Hora : 05/03/2021 13:22:52 
Hora : 05/03/2021 13:22:53 
Hora : 05/03/2021 13:22:55 
Hora : 05/03/2021 13:22:56 
Hora : 05/03/2021 13:22:58 
Hora : 05/03/2021 13:22:59 
Hora : 05/03/2021 13:23:01 
Hora : 05/03/2021 13:23:02 
Hora : 05/03/2021 13:23:03 
Hora : 05/03/2021 13:23:04 
Hora : 05/03/2021 13:23:06 
Hora : 05/03/2021 13:23:07 
Hora : 05/03/2021 13:23:08 
Hora : 05/03/2021 13:23:10 
Hora : 05/03/2021 13:23:11 
Hora : 05/03/2021 13:23:12 
Hora : 05/03/2021 13:23:14 
Hora : 05/03/2021 13:23:15 
Hora : 05/03/2021 13:23:16 
Hora : 05/03/2021 13:23:18 
Hora : 05/03/2021 13:23:19 
Hora : 05/03/2021 13:23:21 
Hora : 05/03/2021 13:23:24 Fin Data
Hora : 05/03/2021 13:24:50 C O M I E N Z O ObtCAEIMPSAL
Hora : 05/03/2021 13:24:50 Data
Hora : 05/03/2021 13:24:50 
Hora : 05/03/2021 13:24:50 
Hora : 05/03/2021 13:24:50 
Hora : 05/03/2021 13:24:50 
Hora : 05/03/2021 13:24:50 
Hora : 05/03/2021 13:24:50 
Hora : 05/03/2021 13:24:50 
Hora : 05/03/2021 13:24:50 
Hora : 05/03/2021 13:24:51 
Hora : 05/03/2021 13:24:51 
Hora : 05/03/2021 13:24:51 
Hora : 05/03/2021 13:24:51 
Hora : 05/03/2021 13:24:51 
Hora : 05/03/2021 13:24:51 
Hora : 05/03/2021 13:24:51 
Hora : 05/03/2021 13:24:51 
Hora : 05/03/2021 13:24:51 
Hora : 05/03/2021 13:24:51 
Hora : 05/03/2021 13:24:51 
Hora : 05/03/2021 13:24:51 
Hora : 05/03/2021 13:24:51 
Hora : 05/03/2021 13:24:51 
Hora : 05/03/2021 13:24:51 
Hora : 05/03/2021 13:24:51 
Hora : 05/03/2021 13:24:51 Fin Data
Hora : 05/03/2021 13:25:14 C O M I E N Z O ObtCAEIMPSAL
Hora : 05/03/2021 13:25:14 Data
Hora : 05/03/2021 13:25:14 
Hora : 05/03/2021 13:25:14 
Hora : 05/03/2021 13:25:14 
Hora : 05/03/2021 13:25:14 
Hora : 05/03/2021 13:25:14 
Hora : 05/03/2021 13:25:14 
Hora : 05/03/2021 13:25:14 
Hora : 05/03/2021 13:25:14 
Hora : 05/03/2021 13:25:14 
Hora : 05/03/2021 13:25:14 
Hora : 05/03/2021 13:25:14 
Hora : 05/03/2021 13:25:14 
Hora : 05/03/2021 13:25:14 
Hora : 05/03/2021 13:25:14 
Hora : 05/03/2021 13:25:14 
Hora : 05/03/2021 13:25:14 
Hora : 05/03/2021 13:25:14 
Hora : 05/03/2021 13:25:14 
Hora : 05/03/2021 13:25:14 
Hora : 05/03/2021 13:25:14 
Hora : 05/03/2021 13:25:15 
Hora : 05/03/2021 13:25:15 
Hora : 05/03/2021 13:25:15 
Hora : 05/03/2021 13:25:15 
Hora : 05/03/2021 13:25:15 Fin Data
Hora : 05/03/2021 13:26:33 C O M I E N Z O ObtCAEIMPSAL
Hora : 05/03/2021 13:26:33 Data
Hora : 05/03/2021 13:26:33 
Hora : 05/03/2021 13:26:34 
Hora : 05/03/2021 13:26:34 
Hora : 05/03/2021 13:26:34 
Hora : 05/03/2021 13:26:34 
Hora : 05/03/2021 13:26:34 
Hora : 05/03/2021 13:26:34 
Hora : 05/03/2021 13:26:34 
Hora : 05/03/2021 13:26:34 
Hora : 05/03/2021 13:26:34 
Hora : 05/03/2021 13:26:34 
Hora : 05/03/2021 13:26:34 
Hora : 05/03/2021 13:26:34 
Hora : 05/03/2021 13:26:34 
Hora : 05/03/2021 13:26:34 
Hora : 05/03/2021 13:26:34 
Hora : 05/03/2021 13:26:34 
Hora : 05/03/2021 13:26:34 
Hora : 05/03/2021 13:26:34 
Hora : 05/03/2021 13:26:34 
Hora : 05/03/2021 13:26:34 
Hora : 05/03/2021 13:26:34 
Hora : 05/03/2021 13:26:34 
Hora : 05/03/2021 13:26:34 
Hora : 05/03/2021 13:26:34 Fin Data
Hora : 05/03/2021 15:35:47 C O M I E N Z O ObtCAEIMPSAL
Hora : 05/03/2021 15:35:53 Data
Hora : 05/03/2021 15:35:55 30000000007
Hora : 05/03/2021 15:35:56 20
Hora : 05/03/2021 15:35:57 siprestaserv
Hora : 05/03/2021 15:35:59 80
Hora : 05/03/2021 15:36:00 20000000001
Hora : 05/03/2021 15:36:01 1
Hora : 05/03/2021 15:36:02 10
Hora : 05/03/2021 15:36:03 2345
Hora : 05/03/2021 15:36:04 0003
Hora : 05/03/2021 15:36:05 0002
Hora : 05/03/2021 15:36:06 0004
Hora : 05/03/2021 15:36:07 3456
Hora : 05/03/2021 15:36:08 98667654
Hora : 05/03/2021 15:36:09 4
Hora : 05/03/2021 15:36:11 2020-10-13
Hora : 05/03/2021 15:36:12 23/12/20
Hora : 05/03/2021 15:36:13 23/2/21
Hora : 05/03/2021 15:36:14 235/02/21
Hora : 05/03/2021 15:36:15 si este es concepto
Hora : 05/03/2021 15:36:16 DOL
Hora : 05/03/2021 15:36:17 65
Hora : 05/03/2021 15:36:18 10
Hora : 05/03/2021 15:36:19 21
Hora : 05/03/2021 15:36:21 5
Hora : 05/03/2021 15:36:23 Fin Data
Hora : 05/03/2021 15:40:14 C O M I E N Z O ObtCAEIMPSAL
Hora : 05/03/2021 15:40:15 Data
Hora : 05/03/2021 15:40:15 30000000007
Hora : 05/03/2021 15:40:15 20
Hora : 05/03/2021 15:40:15 siprestaserv
Hora : 05/03/2021 15:40:15 80
Hora : 05/03/2021 15:40:15 20000000001
Hora : 05/03/2021 15:40:15 1
Hora : 05/03/2021 15:40:15 10
Hora : 05/03/2021 15:40:15 2345
Hora : 05/03/2021 15:40:15 0003
Hora : 05/03/2021 15:40:15 0002
Hora : 05/03/2021 15:40:15 0004
Hora : 05/03/2021 15:40:15 3456
Hora : 05/03/2021 15:40:15 98667654
Hora : 05/03/2021 15:40:15 4
Hora : 05/03/2021 15:40:15 2020-10-13
Hora : 05/03/2021 15:40:15 23/12/20
Hora : 05/03/2021 15:40:15 23/2/21
Hora : 05/03/2021 15:40:16 235/02/21
Hora : 05/03/2021 15:40:16 si este es concepto
Hora : 05/03/2021 15:40:16 DOL
Hora : 05/03/2021 15:40:17 65
Hora : 05/03/2021 15:40:17 10
Hora : 05/03/2021 15:40:17 21
Hora : 05/03/2021 15:40:17 5
Hora : 05/03/2021 15:40:17 Fin Data
Hora : 05/03/2021 15:42:26 C O M I E N Z O ObtCAEIMPSAL
Hora : 05/03/2021 15:42:26 Data
Hora : 05/03/2021 15:42:27 30000000007
Hora : 05/03/2021 15:42:28 20
Hora : 05/03/2021 15:42:28 siprestaserv
Hora : 05/03/2021 15:42:28 80
Hora : 05/03/2021 15:42:28 20000000001
Hora : 05/03/2021 15:42:28 1
Hora : 05/03/2021 15:42:29 10
Hora : 05/03/2021 15:42:29 2345
Hora : 05/03/2021 15:42:29 0003
Hora : 05/03/2021 15:42:29 0002
Hora : 05/03/2021 15:42:29 0004
Hora : 05/03/2021 15:42:29 3456
Hora : 05/03/2021 15:42:29 98667654
Hora : 05/03/2021 15:42:29 4
Hora : 05/03/2021 15:42:29 2020-10-13
Hora : 05/03/2021 15:42:29 23/12/20
Hora : 05/03/2021 15:42:29 23/2/21
Hora : 05/03/2021 15:42:29 235/02/21
Hora : 05/03/2021 15:42:29 si este es concepto
Hora : 05/03/2021 15:42:29 DOL
Hora : 05/03/2021 15:42:29 65
Hora : 05/03/2021 15:42:29 10
Hora : 05/03/2021 15:42:29 21
Hora : 05/03/2021 15:42:29 5
Hora : 05/03/2021 15:42:29 Fin Data
Hora : 05/03/2021 15:54:02 C O M I E N Z O ObtCAEIMPSAL
Hora : 05/03/2021 15:54:02 Data
Hora : 05/03/2021 15:54:02 30000000007
Hora : 05/03/2021 15:54:02 20
Hora : 05/03/2021 15:54:02 siprestaserv
Hora : 05/03/2021 15:54:02 80
Hora : 05/03/2021 15:54:02 20000000001
Hora : 05/03/2021 15:54:03 1
Hora : 05/03/2021 15:54:03 10
Hora : 05/03/2021 15:54:03 2345
Hora : 05/03/2021 15:54:03 0003
Hora : 05/03/2021 15:54:03 0002
Hora : 05/03/2021 15:54:03 0004
Hora : 05/03/2021 15:54:03 3456
Hora : 05/03/2021 15:54:03 98667654
Hora : 05/03/2021 15:54:03 4
Hora : 05/03/2021 15:54:03 2020-10-13
Hora : 05/03/2021 15:54:03 23/12/20
Hora : 05/03/2021 15:54:03 23/2/21
Hora : 05/03/2021 15:54:03 235/02/21
Hora : 05/03/2021 15:54:03 si este es concepto
Hora : 05/03/2021 15:54:03 DOL
Hora : 05/03/2021 15:54:03 65
Hora : 05/03/2021 15:54:03 10
Hora : 05/03/2021 15:54:03 21
Hora : 05/03/2021 15:54:03 5
Hora : 05/03/2021 15:54:03 Fin Data
Hora : 05/03/2021 17:24:55 C O M I E N Z O ObtCAEIMPSAL
Hora : 05/03/2021 17:24:59 Data
Hora : 05/03/2021 17:25:01 30000000007
Hora : 05/03/2021 17:25:03 20
Hora : 05/03/2021 17:25:06 siprestaserv
Hora : 05/03/2021 17:25:12 80
Hora : 05/03/2021 17:25:14 20000000001
Hora : 05/03/2021 17:25:15 1
Hora : 05/03/2021 17:25:16 10
Hora : 05/03/2021 17:25:17 2345
Hora : 05/03/2021 17:25:19 0003
Hora : 05/03/2021 17:25:20 0002
Hora : 05/03/2021 17:25:21 0004
Hora : 05/03/2021 17:25:22 3456
Hora : 05/03/2021 17:25:24 98667654
Hora : 05/03/2021 17:25:25 4
Hora : 05/03/2021 17:25:26 2020-10-13
Hora : 05/03/2021 17:25:27 23/12/20
Hora : 05/03/2021 17:25:28 23/2/21
Hora : 05/03/2021 17:25:29 235/02/21
Hora : 05/03/2021 17:25:31 si este es concepto
Hora : 05/03/2021 17:25:32 DOL
Hora : 05/03/2021 17:25:33 65
Hora : 05/03/2021 17:25:35 10
Hora : 05/03/2021 17:25:37 21
Hora : 05/03/2021 17:25:39 5
Hora : 05/03/2021 17:25:45 Fin Data
Hora : 05/03/2021 17:42:14 C O M I E N Z O ObtCAEIMPSAL
Hora : 05/03/2021 17:42:16 Data
Hora : 05/03/2021 17:42:17 30000000007
Hora : 05/03/2021 17:42:18 20
Hora : 05/03/2021 17:42:20 siprestaserv
Hora : 05/03/2021 17:42:21 80
Hora : 05/03/2021 17:42:22 20000000001
Hora : 05/03/2021 17:42:23 1
Hora : 05/03/2021 17:42:24 10
Hora : 05/03/2021 17:42:26 2345
Hora : 05/03/2021 17:42:27 0003
Hora : 05/03/2021 17:42:28 0002
Hora : 05/03/2021 17:42:29 0004
Hora : 05/03/2021 17:42:30 3456
Hora : 05/03/2021 17:42:31 98667654
Hora : 05/03/2021 17:42:33 4
Hora : 05/03/2021 17:42:35 2020-10-13
Hora : 05/03/2021 17:42:38 23/12/20
Hora : 05/03/2021 17:42:40 23/2/21
Hora : 05/03/2021 17:42:41 235/02/21
Hora : 05/03/2021 17:42:42 si este es concepto
Hora : 05/03/2021 17:42:43 DOL
Hora : 05/03/2021 17:42:44 65
Hora : 05/03/2021 17:42:46 10
Hora : 05/03/2021 17:42:47 21
Hora : 05/03/2021 17:42:48 5
Hora : 05/03/2021 17:42:49 Fin Data
Hora : 05/03/2021 17:44:08 C O M I E N Z O ObtCAEIMPSAL
Hora : 05/03/2021 17:44:10 Data
Hora : 05/03/2021 17:44:11 30000000007
Hora : 05/03/2021 17:44:13 20
Hora : 05/03/2021 17:44:14 siprestaserv
Hora : 05/03/2021 17:44:15 80
Hora : 05/03/2021 17:44:16 20000000001
Hora : 05/03/2021 17:44:18 1
Hora : 05/03/2021 17:44:19 10
Hora : 05/03/2021 17:44:20 2345
Hora : 05/03/2021 17:44:22 0003
Hora : 05/03/2021 17:44:23 0002
Hora : 05/03/2021 17:44:24 0004
Hora : 05/03/2021 17:44:25 3456
Hora : 05/03/2021 17:44:26 98667654
Hora : 05/03/2021 17:44:27 4
Hora : 05/03/2021 17:44:29 2020-10-13
Hora : 05/03/2021 17:44:30 23/12/20
Hora : 05/03/2021 17:44:31 23/2/21
Hora : 05/03/2021 17:44:32 235/02/21
Hora : 05/03/2021 17:44:34 si este es concepto
Hora : 05/03/2021 17:44:38 DOL
Hora : 05/03/2021 17:44:47 65
Hora : 05/03/2021 17:44:48 10
Hora : 05/03/2021 17:44:49 21
Hora : 05/03/2021 17:44:50 5
Hora : 05/03/2021 17:44:51 Fin Data
Hora : 05/03/2021 17:45:56 C O M I E N Z O ObtCAEIMPSAL
Hora : 05/03/2021 17:45:56 Data
Hora : 05/03/2021 17:45:56 30000000007
Hora : 05/03/2021 17:45:56 20
Hora : 05/03/2021 17:45:56 siprestaserv
Hora : 05/03/2021 17:45:56 80
Hora : 05/03/2021 17:45:56 20000000001
Hora : 05/03/2021 17:45:56 1
Hora : 05/03/2021 17:45:56 10
Hora : 05/03/2021 17:45:56 2345
Hora : 05/03/2021 17:45:56 0003
Hora : 05/03/2021 17:45:56 0002
Hora : 05/03/2021 17:45:56 0004
Hora : 05/03/2021 17:45:56 3456
Hora : 05/03/2021 17:45:56 98667654
Hora : 05/03/2021 17:45:56 4
Hora : 05/03/2021 17:45:56 2020-10-13
Hora : 05/03/2021 17:45:56 23/12/20
Hora : 05/03/2021 17:45:56 23/2/21
Hora : 05/03/2021 17:45:56 235/02/21
Hora : 05/03/2021 17:45:56 si este es concepto
Hora : 05/03/2021 17:45:56 DOL
Hora : 05/03/2021 17:45:56 65
Hora : 05/03/2021 17:45:56 10
Hora : 05/03/2021 17:45:57 21
Hora : 05/03/2021 17:45:57 5
Hora : 05/03/2021 17:45:57 Fin Data
Hora : 08/03/2021 10:45:48 C O M I E N Z O ObtCAEIMPSAL
Hora : 08/03/2021 10:46:02 Data
Hora : 08/03/2021 10:46:05 30000000007
Hora : 08/03/2021 10:46:09 20
Hora : 08/03/2021 10:46:13 siprestaserv
Hora : 08/03/2021 10:46:15 80
Hora : 08/03/2021 10:46:17 20000000001
Hora : 08/03/2021 10:46:19 1
Hora : 08/03/2021 10:46:20 10
Hora : 08/03/2021 10:46:21 2345
Hora : 08/03/2021 10:46:22 0003
Hora : 08/03/2021 10:46:24 0002
Hora : 08/03/2021 10:46:25 0004
Hora : 08/03/2021 10:46:26 3456
Hora : 08/03/2021 10:46:27 98667654
Hora : 08/03/2021 10:46:29 4
Hora : 08/03/2021 10:46:30 2020-10-13
Hora : 08/03/2021 10:46:31 23/12/20
Hora : 08/03/2021 10:46:32 23/2/21
Hora : 08/03/2021 10:46:34 235/02/21
Hora : 08/03/2021 10:46:35 si este es concepto
Hora : 08/03/2021 10:46:36 DOL
Hora : 08/03/2021 10:46:37 65
Hora : 08/03/2021 10:46:38 10
Hora : 08/03/2021 10:46:39 21
Hora : 08/03/2021 10:46:41 5
Hora : 08/03/2021 10:46:42 Fin Data
Hora : 08/03/2021 12:02:17 C O M I E N Z O ObtCAEIMPSAL
Hora : 08/03/2021 12:02:20 Data
Hora : 08/03/2021 12:02:22 30000000007
Hora : 08/03/2021 12:02:23 
Hora : 08/03/2021 12:02:29 
Hora : 08/03/2021 12:02:33 80
Hora : 08/03/2021 12:02:34 20000000001
Hora : 08/03/2021 12:10:58 C O M I E N Z O ObtCAEIMPSAL
Hora : 08/03/2021 12:11:57 C O M I E N Z O ObtCAEIMPSAL
Hora : 08/03/2021 12:11:57 Data
Hora : 08/03/2021 12:11:57 30000000007
Hora : 08/03/2021 12:11:57 
Hora : 08/03/2021 12:11:57 
Hora : 08/03/2021 12:11:57 80
Hora : 08/03/2021 12:11:57 20000000001
Hora : 08/03/2021 12:11:57 1
Hora : 08/03/2021 12:11:57 10
Hora : 08/03/2021 12:11:57 2345
Hora : 08/03/2021 12:11:57 
Hora : 08/03/2021 12:11:57 
Hora : 08/03/2021 12:11:58 
Hora : 08/03/2021 12:11:58 
Hora : 08/03/2021 12:11:58 
Hora : 08/03/2021 12:11:58 
Hora : 08/03/2021 12:11:58 2020-10-13
Hora : 08/03/2021 12:11:58 
Hora : 08/03/2021 12:11:58 
Hora : 08/03/2021 12:11:58 
Hora : 08/03/2021 12:11:58 
Hora : 08/03/2021 12:11:58 DOL
Hora : 08/03/2021 12:11:58 65
Hora : 08/03/2021 12:11:58 
Hora : 08/03/2021 12:11:58 
Hora : 08/03/2021 12:11:58 
Hora : 08/03/2021 12:11:58 Fin Data
Hora : 08/03/2021 12:12:16 21- 
Hora : 08/03/2021 12:12:16 21- 
Hora : 08/03/2021 12:12:18 F I N A L
Hora : 08/03/2021 12:12:28 C O M I E N Z O ObtCAEIMPSAL
Hora : 08/03/2021 12:12:28 Data
Hora : 08/03/2021 12:12:28 30000000007
Hora : 08/03/2021 12:12:28 
Hora : 08/03/2021 12:12:29 
Hora : 08/03/2021 12:12:29 80
Hora : 08/03/2021 12:12:29 20000000001
Hora : 08/03/2021 12:12:29 1
Hora : 08/03/2021 12:12:29 10
Hora : 08/03/2021 12:12:29 2345
Hora : 08/03/2021 12:12:29 
Hora : 08/03/2021 12:12:29 
Hora : 08/03/2021 12:12:29 
Hora : 08/03/2021 12:12:29 
Hora : 08/03/2021 12:12:29 
Hora : 08/03/2021 12:12:29 
Hora : 08/03/2021 12:12:29 2020-10-13
Hora : 08/03/2021 12:12:29 
Hora : 08/03/2021 12:12:29 
Hora : 08/03/2021 12:12:29 
Hora : 08/03/2021 12:12:29 
Hora : 08/03/2021 12:12:29 DOL
Hora : 08/03/2021 12:12:29 65
Hora : 08/03/2021 12:12:29 
Hora : 08/03/2021 12:12:29 
Hora : 08/03/2021 12:12:29 
Hora : 08/03/2021 12:12:29 Fin Data
Hora : 08/03/2021 12:12:42 21- 
Hora : 08/03/2021 12:12:42 21- 
Hora : 08/03/2021 12:12:42 F I N A L
Hora : 08/03/2021 12:12:50 C O M I E N Z O ObtCAEIMPSAL
Hora : 08/03/2021 12:12:50 Data
Hora : 08/03/2021 12:12:50 30000000007
Hora : 08/03/2021 12:12:50 
Hora : 08/03/2021 12:12:50 
Hora : 08/03/2021 12:12:50 80
Hora : 08/03/2021 12:12:50 20000000001
Hora : 08/03/2021 12:12:51 1
Hora : 08/03/2021 12:12:51 10
Hora : 08/03/2021 12:12:51 2345
Hora : 08/03/2021 12:12:51 
Hora : 08/03/2021 12:12:51 
Hora : 08/03/2021 12:12:51 
Hora : 08/03/2021 12:12:51 
Hora : 08/03/2021 12:12:51 
Hora : 08/03/2021 12:12:51 
Hora : 08/03/2021 12:12:51 2020-10-13
Hora : 08/03/2021 12:12:51 
Hora : 08/03/2021 12:12:51 
Hora : 08/03/2021 12:12:51 
Hora : 08/03/2021 12:12:51 
Hora : 08/03/2021 12:12:51 DOL
Hora : 08/03/2021 12:12:51 65
Hora : 08/03/2021 12:12:51 
Hora : 08/03/2021 12:12:51 
Hora : 08/03/2021 12:12:51 
Hora : 08/03/2021 12:12:51 Fin Data
Hora : 08/03/2021 12:13:15 21- 
Hora : 08/03/2021 12:13:25 21- 
Hora : 08/03/2021 12:14:10 F I N A L
Hora : 08/03/2021 12:14:38 C O M I E N Z O ObtCAEIMPSAL
Hora : 08/03/2021 12:14:38 Data
Hora : 08/03/2021 12:14:38 30000000007
Hora : 08/03/2021 12:14:38 
Hora : 08/03/2021 12:14:38 
Hora : 08/03/2021 12:14:38 80
Hora : 08/03/2021 12:14:38 20000000001
Hora : 08/03/2021 12:14:38 1
Hora : 08/03/2021 12:14:38 10
Hora : 08/03/2021 12:14:38 2345
Hora : 08/03/2021 12:14:38 
Hora : 08/03/2021 12:14:38 
Hora : 08/03/2021 12:14:39 
Hora : 08/03/2021 12:14:39 
Hora : 08/03/2021 12:14:39 
Hora : 08/03/2021 12:14:39 
Hora : 08/03/2021 12:14:39 2020-10-13
Hora : 08/03/2021 12:14:39 
Hora : 08/03/2021 12:14:39 
Hora : 08/03/2021 12:14:39 
Hora : 08/03/2021 12:14:39 
Hora : 08/03/2021 12:14:39 DOL
Hora : 08/03/2021 12:14:39 65
Hora : 08/03/2021 12:14:39 
Hora : 08/03/2021 12:14:39 
Hora : 08/03/2021 12:14:39 
Hora : 08/03/2021 12:14:39 Fin Data
Hora : 08/03/2021 12:14:52 21- 
Hora : 08/03/2021 12:14:54 21- 
Hora : 08/03/2021 12:22:15 C O M I E N Z O ObtCAEIMPSAL
Hora : 08/03/2021 12:22:20 Data
Hora : 08/03/2021 12:22:21 30000000007
Hora : 08/03/2021 12:22:23 
Hora : 08/03/2021 12:22:24 
Hora : 08/03/2021 12:22:26 80
Hora : 08/03/2021 12:22:27 20000000001
Hora : 08/03/2021 12:22:28 1
Hora : 08/03/2021 12:22:29 10
Hora : 08/03/2021 12:22:30 2345
Hora : 08/03/2021 12:22:31 
Hora : 08/03/2021 12:22:33 
Hora : 08/03/2021 12:22:34 
Hora : 08/03/2021 12:22:35 
Hora : 08/03/2021 12:22:36 
Hora : 08/03/2021 12:22:38 
Hora : 08/03/2021 12:22:40 2020-10-13
Hora : 08/03/2021 12:22:41 
Hora : 08/03/2021 12:22:46 
Hora : 08/03/2021 12:22:49 
Hora : 08/03/2021 12:22:51 
Hora : 08/03/2021 12:22:53 DOL
Hora : 08/03/2021 12:22:55 65
Hora : 08/03/2021 12:22:56 
Hora : 08/03/2021 12:22:58 
Hora : 08/03/2021 12:23:02 
Hora : 08/03/2021 12:23:04 Fin Data
Hora : 08/03/2021 12:23:41 21- 
Hora : 08/03/2021 12:23:48 21- 
